2024-03-21T14:50:07.231-03:00  INFO 2100 --- [main] c.r.g.f.FuncionarioApplication           : Starting FuncionarioApplication using Java 17.0.10 with PID 2100 (C:\Users\renat\eclipse-workspace\funcionario\funcionario\target\classes started by renat in C:\Users\renat\eclipse-workspace\funcionario\funcionario)
2024-03-21T14:50:07.241-03:00  INFO 2100 --- [main] c.r.g.f.FuncionarioApplication           : No active profile set, falling back to 1 default profile: "default"
2024-03-21T14:50:08.003-03:00  INFO 2100 --- [main] .s.d.r.c.RepositoryConfigurationDelegate : Bootstrapping Spring Data JPA repositories in DEFAULT mode.
2024-03-21T14:50:08.083-03:00  INFO 2100 --- [main] .s.d.r.c.RepositoryConfigurationDelegate : Finished Spring Data repository scanning in 62 ms. Found 1 JPA repository interface.
2024-03-21T14:50:08.762-03:00  INFO 2100 --- [main] o.s.b.w.embedded.tomcat.TomcatWebServer  : Tomcat initialized with port 8081 (http)
2024-03-21T14:50:08.788-03:00  INFO 2100 --- [main] o.apache.catalina.core.StandardService   : Starting service [Tomcat]
2024-03-21T14:50:08.788-03:00  INFO 2100 --- [main] o.apache.catalina.core.StandardEngine    : Starting Servlet engine: [Apache Tomcat/10.1.19]
2024-03-21T14:50:08.869-03:00  INFO 2100 --- [main] o.a.c.c.C.[Tomcat].[localhost].[/]       : Initializing Spring embedded WebApplicationContext
2024-03-21T14:50:08.870-03:00  INFO 2100 --- [main] w.s.c.ServletWebServerApplicationContext : Root WebApplicationContext: initialization completed in 1565 ms
2024-03-21T14:50:09.089-03:00  INFO 2100 --- [main] o.hibernate.jpa.internal.util.LogHelper  : HHH000204: Processing PersistenceUnitInfo [name: default]
2024-03-21T14:50:09.177-03:00  INFO 2100 --- [main] org.hibernate.Version                    : HHH000412: Hibernate ORM core version 6.4.4.Final
2024-03-21T14:50:09.213-03:00  INFO 2100 --- [main] o.h.c.internal.RegionFactoryInitiator    : HHH000026: Second-level cache disabled
2024-03-21T14:50:09.447-03:00  INFO 2100 --- [main] o.s.o.j.p.SpringPersistenceUnitInfo      : No LoadTimeWeaver setup: ignoring JPA class transformer
2024-03-21T14:50:09.478-03:00  INFO 2100 --- [main] com.zaxxer.hikari.HikariDataSource       : HikariPool-1 - Starting...
2024-03-21T14:50:09.683-03:00  INFO 2100 --- [main] com.zaxxer.hikari.pool.HikariPool        : HikariPool-1 - Added connection org.postgresql.jdbc.PgConnection@3f3c8b60
2024-03-21T14:50:09.685-03:00  INFO 2100 --- [main] com.zaxxer.hikari.HikariDataSource       : HikariPool-1 - Start completed.
2024-03-21T14:50:09.759-03:00  WARN 2100 --- [main] org.hibernate.orm.deprecation            : HHH90000025: PostgreSQLDialect does not need to be specified explicitly using 'hibernate.dialect' (remove the property setting and it will be selected by default)
2024-03-21T14:50:10.590-03:00  INFO 2100 --- [main] o.h.e.t.j.p.i.JtaPlatformInitiator       : HHH000489: No JTA platform available (set 'hibernate.transaction.jta.platform' to enable JTA platform integration)
2024-03-21T14:50:10.664-03:00  INFO 2100 --- [main] j.LocalContainerEntityManagerFactoryBean : Initialized JPA EntityManagerFactory for persistence unit 'default'
2024-03-21T14:50:10.968-03:00  WARN 2100 --- [main] JpaBaseConfiguration$JpaWebConfiguration : spring.jpa.open-in-view is enabled by default. Therefore, database queries may be performed during view rendering. Explicitly configure spring.jpa.open-in-view to disable this warning
2024-03-21T14:50:11.380-03:00  INFO 2100 --- [main] o.s.b.w.embedded.tomcat.TomcatWebServer  : Tomcat started on port 8081 (http) with context path ''
2024-03-21T14:50:11.392-03:00  INFO 2100 --- [main] c.r.g.f.FuncionarioApplication           : Started FuncionarioApplication in 4.587 seconds (process running for 7.32)
2024-03-21T14:50:11.397-03:00  INFO 2100 --- [main] c.r.g.f.FuncionarioApplication           : Aplication started...
2024-03-21T14:50:38.738-03:00  INFO 2100 --- [http-nio-8081-exec-1] o.a.c.c.C.[Tomcat].[localhost].[/]       : Initializing Spring DispatcherServlet 'dispatcherServlet'
2024-03-21T14:50:38.738-03:00  INFO 2100 --- [http-nio-8081-exec-1] o.s.web.servlet.DispatcherServlet        : Initializing Servlet 'dispatcherServlet'
2024-03-21T14:50:38.741-03:00  INFO 2100 --- [http-nio-8081-exec-1] o.s.web.servlet.DispatcherServlet        : Completed initialization in 2 ms
