2024-03-19T19:06:11.816-03:00  INFO 17396 --- [main] c.r.g.f.FuncionarioApplication           : Starting FuncionarioApplication using Java 17.0.10 with PID 17396 (C:\Users\renat\eclipse-workspace\funcionario\funcionario\target\classes started by renat in C:\Users\renat\eclipse-workspace\funcionario\funcionario)
2024-03-19T19:06:11.820-03:00  INFO 17396 --- [main] c.r.g.f.FuncionarioApplication           : No active profile set, falling back to 1 default profile: "default"
2024-03-19T19:06:12.763-03:00  INFO 17396 --- [main] .s.d.r.c.RepositoryConfigurationDelegate : Bootstrapping Spring Data JPA repositories in DEFAULT mode.
2024-03-19T19:06:12.840-03:00  INFO 17396 --- [main] .s.d.r.c.RepositoryConfigurationDelegate : Finished Spring Data repository scanning in 64 ms. Found 1 JPA repository interface.
2024-03-19T19:06:13.649-03:00  INFO 17396 --- [main] o.s.b.w.embedded.tomcat.TomcatWebServer  : Tomcat initialized with port 8081 (http)
2024-03-19T19:06:13.672-03:00  INFO 17396 --- [main] o.apache.catalina.core.StandardService   : Starting service [Tomcat]
2024-03-19T19:06:13.672-03:00  INFO 17396 --- [main] o.apache.catalina.core.StandardEngine    : Starting Servlet engine: [Apache Tomcat/10.1.19]
2024-03-19T19:06:13.763-03:00  INFO 17396 --- [main] o.a.c.c.C.[Tomcat].[localhost].[/]       : Initializing Spring embedded WebApplicationContext
2024-03-19T19:06:13.764-03:00  INFO 17396 --- [main] w.s.c.ServletWebServerApplicationContext : Root WebApplicationContext: initialization completed in 1880 ms
2024-03-19T19:06:14.012-03:00  INFO 17396 --- [main] o.hibernate.jpa.internal.util.LogHelper  : HHH000204: Processing PersistenceUnitInfo [name: default]
2024-03-19T19:06:14.087-03:00  INFO 17396 --- [main] org.hibernate.Version                    : HHH000412: Hibernate ORM core version 6.4.4.Final
2024-03-19T19:06:14.136-03:00  INFO 17396 --- [main] o.h.c.internal.RegionFactoryInitiator    : HHH000026: Second-level cache disabled
2024-03-19T19:06:14.402-03:00  INFO 17396 --- [main] o.s.o.j.p.SpringPersistenceUnitInfo      : No LoadTimeWeaver setup: ignoring JPA class transformer
2024-03-19T19:06:14.445-03:00  INFO 17396 --- [main] com.zaxxer.hikari.HikariDataSource       : HikariPool-1 - Starting...
2024-03-19T19:06:14.690-03:00  INFO 17396 --- [main] com.zaxxer.hikari.pool.HikariPool        : HikariPool-1 - Added connection org.postgresql.jdbc.PgConnection@5be51aa
2024-03-19T19:06:14.692-03:00  INFO 17396 --- [main] com.zaxxer.hikari.HikariDataSource       : HikariPool-1 - Start completed.
2024-03-19T19:06:14.750-03:00  WARN 17396 --- [main] org.hibernate.orm.deprecation            : HHH90000025: PostgreSQLDialect does not need to be specified explicitly using 'hibernate.dialect' (remove the property setting and it will be selected by default)
2024-03-19T19:06:15.881-03:00  INFO 17396 --- [main] o.h.e.t.j.p.i.JtaPlatformInitiator       : HHH000489: No JTA platform available (set 'hibernate.transaction.jta.platform' to enable JTA platform integration)
2024-03-19T19:06:15.942-03:00  INFO 17396 --- [main] j.LocalContainerEntityManagerFactoryBean : Initialized JPA EntityManagerFactory for persistence unit 'default'
2024-03-19T19:06:16.296-03:00  WARN 17396 --- [main] JpaBaseConfiguration$JpaWebConfiguration : spring.jpa.open-in-view is enabled by default. Therefore, database queries may be performed during view rendering. Explicitly configure spring.jpa.open-in-view to disable this warning
2024-03-19T19:06:16.752-03:00  INFO 17396 --- [main] o.s.b.w.embedded.tomcat.TomcatWebServer  : Tomcat started on port 8081 (http) with context path ''
2024-03-19T19:06:16.772-03:00  INFO 17396 --- [main] c.r.g.f.FuncionarioApplication           : Started FuncionarioApplication in 5.508 seconds (process running for 6.177)
2024-03-19T19:06:16.776-03:00  INFO 17396 --- [main] c.r.g.f.FuncionarioApplication           : Aplication started...
2024-03-19T19:06:27.836-03:00  INFO 17396 --- [http-nio-8081-exec-1] o.a.c.c.C.[Tomcat].[localhost].[/]       : Initializing Spring DispatcherServlet 'dispatcherServlet'
2024-03-19T19:06:27.836-03:00  INFO 17396 --- [http-nio-8081-exec-1] o.s.web.servlet.DispatcherServlet        : Initializing Servlet 'dispatcherServlet'
2024-03-19T19:06:27.836-03:00  INFO 17396 --- [http-nio-8081-exec-1] o.s.web.servlet.DispatcherServlet        : Completed initialization in 0 ms
2024-03-19T19:12:10.861-03:00  INFO 14616 --- [main] c.r.g.f.FuncionarioApplication           : Starting FuncionarioApplication using Java 17.0.10 with PID 14616 (C:\Users\renat\eclipse-workspace\funcionario\funcionario\target\classes started by renat in C:\Users\renat\eclipse-workspace\funcionario\funcionario)
2024-03-19T19:12:10.865-03:00  INFO 14616 --- [main] c.r.g.f.FuncionarioApplication           : No active profile set, falling back to 1 default profile: "default"
2024-03-19T19:12:11.772-03:00  INFO 14616 --- [main] .s.d.r.c.RepositoryConfigurationDelegate : Bootstrapping Spring Data JPA repositories in DEFAULT mode.
2024-03-19T19:12:11.852-03:00  INFO 14616 --- [main] .s.d.r.c.RepositoryConfigurationDelegate : Finished Spring Data repository scanning in 66 ms. Found 1 JPA repository interface.
2024-03-19T19:12:12.667-03:00  INFO 14616 --- [main] o.s.b.w.embedded.tomcat.TomcatWebServer  : Tomcat initialized with port 8081 (http)
2024-03-19T19:12:12.680-03:00  INFO 14616 --- [main] o.apache.catalina.core.StandardService   : Starting service [Tomcat]
2024-03-19T19:12:12.680-03:00  INFO 14616 --- [main] o.apache.catalina.core.StandardEngine    : Starting Servlet engine: [Apache Tomcat/10.1.19]
2024-03-19T19:12:12.793-03:00  INFO 14616 --- [main] o.a.c.c.C.[Tomcat].[localhost].[/]       : Initializing Spring embedded WebApplicationContext
2024-03-19T19:12:12.794-03:00  INFO 14616 --- [main] w.s.c.ServletWebServerApplicationContext : Root WebApplicationContext: initialization completed in 1856 ms
2024-03-19T19:12:13.037-03:00  INFO 14616 --- [main] o.hibernate.jpa.internal.util.LogHelper  : HHH000204: Processing PersistenceUnitInfo [name: default]
2024-03-19T19:12:13.106-03:00  INFO 14616 --- [main] org.hibernate.Version                    : HHH000412: Hibernate ORM core version 6.4.4.Final
2024-03-19T19:12:13.161-03:00  INFO 14616 --- [main] o.h.c.internal.RegionFactoryInitiator    : HHH000026: Second-level cache disabled
2024-03-19T19:12:13.437-03:00  INFO 14616 --- [main] o.s.o.j.p.SpringPersistenceUnitInfo      : No LoadTimeWeaver setup: ignoring JPA class transformer
2024-03-19T19:12:13.469-03:00  INFO 14616 --- [main] com.zaxxer.hikari.HikariDataSource       : HikariPool-1 - Starting...
2024-03-19T19:12:13.710-03:00  INFO 14616 --- [main] com.zaxxer.hikari.pool.HikariPool        : HikariPool-1 - Added connection org.postgresql.jdbc.PgConnection@5be51aa
2024-03-19T19:12:13.715-03:00  INFO 14616 --- [main] com.zaxxer.hikari.HikariDataSource       : HikariPool-1 - Start completed.
2024-03-19T19:12:13.762-03:00  WARN 14616 --- [main] org.hibernate.orm.deprecation            : HHH90000025: PostgreSQLDialect does not need to be specified explicitly using 'hibernate.dialect' (remove the property setting and it will be selected by default)
2024-03-19T19:12:14.697-03:00  INFO 14616 --- [main] o.h.e.t.j.p.i.JtaPlatformInitiator       : HHH000489: No JTA platform available (set 'hibernate.transaction.jta.platform' to enable JTA platform integration)
2024-03-19T19:12:14.763-03:00  INFO 14616 --- [main] j.LocalContainerEntityManagerFactoryBean : Initialized JPA EntityManagerFactory for persistence unit 'default'
2024-03-19T19:12:15.125-03:00  WARN 14616 --- [main] JpaBaseConfiguration$JpaWebConfiguration : spring.jpa.open-in-view is enabled by default. Therefore, database queries may be performed during view rendering. Explicitly configure spring.jpa.open-in-view to disable this warning
2024-03-19T19:12:15.595-03:00  WARN 14616 --- [main] ConfigServletWebServerApplicationContext : Exception encountered during context initialization - cancelling refresh attempt: org.springframework.context.ApplicationContextException: Failed to start bean 'webServerStartStop'
2024-03-19T19:12:15.597-03:00  INFO 14616 --- [main] j.LocalContainerEntityManagerFactoryBean : Closing JPA EntityManagerFactory for persistence unit 'default'
2024-03-19T19:12:15.605-03:00  INFO 14616 --- [main] com.zaxxer.hikari.HikariDataSource       : HikariPool-1 - Shutdown initiated...
2024-03-19T19:12:15.625-03:00  INFO 14616 --- [main] com.zaxxer.hikari.HikariDataSource       : HikariPool-1 - Shutdown completed.
2024-03-19T19:12:15.652-03:00  INFO 14616 --- [main] .s.b.a.l.ConditionEvaluationReportLogger : 

Error starting ApplicationContext. To display the condition evaluation report re-run your application with 'debug' enabled.
2024-03-19T19:12:15.686-03:00 ERROR 14616 --- [main] o.s.b.d.LoggingFailureAnalysisReporter   : 

***************************
APPLICATION FAILED TO START
***************************

Description:

Web server failed to start. Port 8081 was already in use.

Action:

Identify and stop the process that's listening on port 8081 or configure this application to listen on another port.

2024-03-19T19:15:30.317-03:00  INFO 17656 --- [main] c.r.g.f.FuncionarioApplication           : Starting FuncionarioApplication using Java 17.0.10 with PID 17656 (C:\Users\renat\eclipse-workspace\funcionario\funcionario\target\classes started by renat in C:\Users\renat\eclipse-workspace\funcionario\funcionario)
2024-03-19T19:15:30.321-03:00  INFO 17656 --- [main] c.r.g.f.FuncionarioApplication           : No active profile set, falling back to 1 default profile: "default"
2024-03-19T19:15:31.234-03:00  INFO 17656 --- [main] .s.d.r.c.RepositoryConfigurationDelegate : Bootstrapping Spring Data JPA repositories in DEFAULT mode.
2024-03-19T19:15:31.313-03:00  INFO 17656 --- [main] .s.d.r.c.RepositoryConfigurationDelegate : Finished Spring Data repository scanning in 64 ms. Found 1 JPA repository interface.
2024-03-19T19:15:32.141-03:00  INFO 17656 --- [main] o.s.b.w.embedded.tomcat.TomcatWebServer  : Tomcat initialized with port 8081 (http)
2024-03-19T19:15:32.171-03:00  INFO 17656 --- [main] o.apache.catalina.core.StandardService   : Starting service [Tomcat]
2024-03-19T19:15:32.172-03:00  INFO 17656 --- [main] o.apache.catalina.core.StandardEngine    : Starting Servlet engine: [Apache Tomcat/10.1.19]
2024-03-19T19:15:32.278-03:00  INFO 17656 --- [main] o.a.c.c.C.[Tomcat].[localhost].[/]       : Initializing Spring embedded WebApplicationContext
2024-03-19T19:15:32.278-03:00  INFO 17656 --- [main] w.s.c.ServletWebServerApplicationContext : Root WebApplicationContext: initialization completed in 1877 ms
2024-03-19T19:15:32.512-03:00  INFO 17656 --- [main] o.hibernate.jpa.internal.util.LogHelper  : HHH000204: Processing PersistenceUnitInfo [name: default]
2024-03-19T19:15:32.599-03:00  INFO 17656 --- [main] org.hibernate.Version                    : HHH000412: Hibernate ORM core version 6.4.4.Final
2024-03-19T19:15:32.655-03:00  INFO 17656 --- [main] o.h.c.internal.RegionFactoryInitiator    : HHH000026: Second-level cache disabled
2024-03-19T19:15:32.998-03:00  INFO 17656 --- [main] o.s.o.j.p.SpringPersistenceUnitInfo      : No LoadTimeWeaver setup: ignoring JPA class transformer
2024-03-19T19:15:33.046-03:00  INFO 17656 --- [main] com.zaxxer.hikari.HikariDataSource       : HikariPool-1 - Starting...
2024-03-19T19:15:33.295-03:00  INFO 17656 --- [main] com.zaxxer.hikari.pool.HikariPool        : HikariPool-1 - Added connection org.postgresql.jdbc.PgConnection@5c5a91b4
2024-03-19T19:15:33.297-03:00  INFO 17656 --- [main] com.zaxxer.hikari.HikariDataSource       : HikariPool-1 - Start completed.
2024-03-19T19:15:33.348-03:00  WARN 17656 --- [main] org.hibernate.orm.deprecation            : HHH90000025: PostgreSQLDialect does not need to be specified explicitly using 'hibernate.dialect' (remove the property setting and it will be selected by default)
2024-03-19T19:15:34.377-03:00  INFO 17656 --- [main] o.h.e.t.j.p.i.JtaPlatformInitiator       : HHH000489: No JTA platform available (set 'hibernate.transaction.jta.platform' to enable JTA platform integration)
2024-03-19T19:15:34.473-03:00  INFO 17656 --- [main] j.LocalContainerEntityManagerFactoryBean : Initialized JPA EntityManagerFactory for persistence unit 'default'
2024-03-19T19:15:34.859-03:00  WARN 17656 --- [main] JpaBaseConfiguration$JpaWebConfiguration : spring.jpa.open-in-view is enabled by default. Therefore, database queries may be performed during view rendering. Explicitly configure spring.jpa.open-in-view to disable this warning
2024-03-19T19:15:35.369-03:00  WARN 17656 --- [main] ConfigServletWebServerApplicationContext : Exception encountered during context initialization - cancelling refresh attempt: org.springframework.context.ApplicationContextException: Failed to start bean 'webServerStartStop'
2024-03-19T19:15:35.371-03:00  INFO 17656 --- [main] j.LocalContainerEntityManagerFactoryBean : Closing JPA EntityManagerFactory for persistence unit 'default'
2024-03-19T19:15:35.375-03:00  INFO 17656 --- [main] com.zaxxer.hikari.HikariDataSource       : HikariPool-1 - Shutdown initiated...
2024-03-19T19:15:35.382-03:00  INFO 17656 --- [main] com.zaxxer.hikari.HikariDataSource       : HikariPool-1 - Shutdown completed.
2024-03-19T19:15:35.413-03:00  INFO 17656 --- [main] .s.b.a.l.ConditionEvaluationReportLogger : 

Error starting ApplicationContext. To display the condition evaluation report re-run your application with 'debug' enabled.
2024-03-19T19:15:35.453-03:00 ERROR 17656 --- [main] o.s.b.d.LoggingFailureAnalysisReporter   : 

***************************
APPLICATION FAILED TO START
***************************

Description:

Web server failed to start. Port 8081 was already in use.

Action:

Identify and stop the process that's listening on port 8081 or configure this application to listen on another port.

2024-03-19T19:15:58.522-03:00  WARN 17396 --- [http-nio-8081-exec-6] .w.s.m.s.DefaultHandlerExceptionResolver : Resolved [org.springframework.web.HttpRequestMethodNotSupportedException: Request method 'POST' is not supported]
