2024-04-22 10:10:24,050 [Worker-2: Loading available Gradle versions] INFO  o.e.b.c.i.u.g.PublishedGradleVersions - Gradle version information cache is up-to-date. Trying to read.
2024-04-22 10:10:38,143 [Worker-10: Importing Maven projects] INFO  o.e.m.c.i.l.LifecycleMappingFactory - Using org.eclipse.m2e.jdt.JarLifecycleMapping lifecycle mapping for MavenProject: com.renatachom:gerenciamentotarefas:0.0.1-SNAPSHOT @ C:\Users\renat\eclipse-workspace\PP003\gerencimentotarefas\gerencimentotarefas\pom.xml.
2024-04-22 10:10:40,047 [Worker-10: Importing Maven projects] INFO  o.e.m.j.i.AbstractJavaProjectConfigurator - Adding source folder /gerenciamentotarefas/src/main/java
2024-04-22 10:10:40,050 [Worker-10: Importing Maven projects] INFO  o.e.m.j.i.AbstractJavaProjectConfigurator - Adding resource folder /gerenciamentotarefas/src/main/resources
2024-04-22 10:10:40,055 [Worker-10: Importing Maven projects] INFO  o.e.m.j.i.AbstractJavaProjectConfigurator - Adding resource folder /gerenciamentotarefas/src/main/resources
2024-04-22 10:10:40,061 [Worker-10: Importing Maven projects] INFO  o.e.m.j.i.AbstractJavaProjectConfigurator - Adding source folder /gerenciamentotarefas/src/test/java
2024-04-22 10:10:40,062 [Worker-10: Importing Maven projects] INFO  o.e.m.j.i.AbstractJavaProjectConfigurator - Adding resource folder /gerenciamentotarefas/src/test/resources
2024-04-22 10:10:40,777 [Worker-10: Importing Maven projects] INFO  o.e.m.c.i.p.ProjectConfigurationManager - Imported and configured 1 project(s) in 4 sec
2024-04-22 10:10:43,303 [Worker-8: Building] INFO  o.a.m.s.f.DefaultMavenResourcesFiltering - Copying 1 resource from src\main\resources to target\classes
2024-04-22 10:10:43,336 [Worker-8: Building] INFO  o.a.m.s.f.DefaultMavenResourcesFiltering - Copying 2 resources from src\main\resources to target\classes
2024-04-22 10:10:43,354 [Worker-8: Building] INFO  o.a.m.s.f.DefaultMavenResourcesFiltering - skip non existing resourceDirectory C:\Users\renat\eclipse-workspace\PP003\gerencimentotarefas\gerencimentotarefas\src\test\resources
2024-04-22 10:25:37,506 [Worker-4: Building] INFO  o.a.m.s.f.DefaultMavenResourcesFiltering - Copying 0 resource from src\main\resources to target\classes
2024-04-22 10:25:37,510 [Worker-4: Building] INFO  o.a.m.s.f.DefaultMavenResourcesFiltering - Copying 1 resource from src\main\resources to target\classes
2024-04-22 10:25:37,514 [Worker-4: Building] INFO  o.a.m.s.f.DefaultMavenResourcesFiltering - skip non existing resourceDirectory C:\Users\renat\eclipse-workspace\PP003\gerencimentotarefas\gerencimentotarefas\src\test\resources
2024-04-22 10:48:58,642 [Worker-21: Building] INFO  o.a.m.s.f.DefaultMavenResourcesFiltering - Copying 0 resource from src\main\resources to target\classes
2024-04-22 10:48:58,645 [Worker-21: Building] INFO  o.a.m.s.f.DefaultMavenResourcesFiltering - Copying 0 resource from src\main\resources to target\classes
2024-04-22 10:48:58,650 [Worker-21: Building] INFO  o.a.m.s.f.DefaultMavenResourcesFiltering - skip non existing resourceDirectory C:\Users\renat\eclipse-workspace\PP003\gerencimentotarefas\gerencimentotarefas\src\test\resources
2024-04-22 11:16:45,289 [Worker-36: Building] INFO  o.a.m.s.f.DefaultMavenResourcesFiltering - Copying 1 resource from src\main\resources to target\classes
2024-04-22 11:16:45,370 [Worker-36: Building] INFO  o.a.m.s.f.DefaultMavenResourcesFiltering - Copying 1 resource from src\main\resources to target\classes
2024-04-22 11:16:45,378 [Worker-36: Building] INFO  o.a.m.s.f.DefaultMavenResourcesFiltering - skip non existing resourceDirectory C:\Users\renat\eclipse-workspace\PP003\gerencimentotarefas\gerencimentotarefas\src\test\resources
2024-04-22 11:21:09,851 [Worker-31: Building] INFO  o.a.m.s.f.DefaultMavenResourcesFiltering - Copying 1 resource from src\main\resources to target\classes
2024-04-22 11:21:09,994 [Worker-31: Building] INFO  o.a.m.s.f.DefaultMavenResourcesFiltering - Copying 1 resource from src\main\resources to target\classes
2024-04-22 11:21:10,004 [Worker-31: Building] INFO  o.a.m.s.f.DefaultMavenResourcesFiltering - skip non existing resourceDirectory C:\Users\renat\eclipse-workspace\PP003\gerencimentotarefas\gerencimentotarefas\src\test\resources
2024-04-22 11:26:22,156 [Worker-31: Building] INFO  o.a.m.s.f.DefaultMavenResourcesFiltering - Copying 1 resource from src\main\resources to target\classes
2024-04-22 11:26:22,316 [Worker-31: Building] INFO  o.a.m.s.f.DefaultMavenResourcesFiltering - Copying 1 resource from src\main\resources to target\classes
2024-04-22 11:26:22,324 [Worker-31: Building] INFO  o.a.m.s.f.DefaultMavenResourcesFiltering - skip non existing resourceDirectory C:\Users\renat\eclipse-workspace\PP003\gerencimentotarefas\gerencimentotarefas\src\test\resources
2024-04-22 11:29:35,646 [Worker-32: Building] INFO  o.a.m.s.f.DefaultMavenResourcesFiltering - Copying 1 resource from src\main\resources to target\classes
2024-04-22 11:29:35,663 [Worker-32: Building] INFO  o.a.m.s.f.DefaultMavenResourcesFiltering - Copying 1 resource from src\main\resources to target\classes
2024-04-22 11:29:35,670 [Worker-32: Building] INFO  o.a.m.s.f.DefaultMavenResourcesFiltering - skip non existing resourceDirectory C:\Users\renat\eclipse-workspace\PP003\gerencimentotarefas\gerencimentotarefas\src\test\resources
2024-04-22 11:29:45,580 [Worker-32: Building] INFO  o.a.m.s.f.DefaultMavenResourcesFiltering - Copying 1 resource from src\main\resources to target\classes
2024-04-22 11:29:45,598 [Worker-32: Building] INFO  o.a.m.s.f.DefaultMavenResourcesFiltering - Copying 1 resource from src\main\resources to target\classes
2024-04-22 11:29:45,606 [Worker-32: Building] INFO  o.a.m.s.f.DefaultMavenResourcesFiltering - skip non existing resourceDirectory C:\Users\renat\eclipse-workspace\PP003\gerencimentotarefas\gerencimentotarefas\src\test\resources
2024-04-22 11:30:34,165 [Worker-37: Building] INFO  o.a.m.s.f.DefaultMavenResourcesFiltering - Copying 1 resource from src\main\resources to target\classes
2024-04-22 11:30:34,179 [Worker-37: Building] INFO  o.a.m.s.f.DefaultMavenResourcesFiltering - Copying 0 resource from src\main\resources to target\classes
2024-04-22 11:30:34,182 [Worker-37: Building] INFO  o.a.m.s.f.DefaultMavenResourcesFiltering - skip non existing resourceDirectory C:\Users\renat\eclipse-workspace\PP003\gerencimentotarefas\gerencimentotarefas\src\test\resources
2024-04-23 05:45:35,616 [Worker-4: Loading available Gradle versions] INFO  o.e.b.c.i.u.g.PublishedGradleVersions - Gradle version information cache is out-of-date. Trying to update.
2024-04-23 05:51:42,584 [Worker-8: Building] INFO  o.e.m.c.i.l.LifecycleMappingFactory - Using org.eclipse.m2e.jdt.JarLifecycleMapping lifecycle mapping for MavenProject: com.renatachom:gerenciamentotarefas:0.0.1-SNAPSHOT @ C:\Users\renat\eclipse-workspace\PP003\gerencimentotarefas\gerencimentotarefas\pom.xml.
2024-04-23 05:51:44,764 [Worker-8: Building] INFO  o.a.m.s.f.DefaultMavenResourcesFiltering - Copying 1 resource from src\main\resources to target\classes
2024-04-23 05:51:44,904 [Worker-8: Building] INFO  o.a.m.s.f.DefaultMavenResourcesFiltering - Copying 1 resource from src\main\resources to target\classes
2024-04-23 05:51:44,913 [Worker-8: Building] INFO  o.a.m.s.f.DefaultMavenResourcesFiltering - skip non existing resourceDirectory C:\Users\renat\eclipse-workspace\PP003\gerencimentotarefas\gerencimentotarefas\src\test\resources
2024-04-23 05:51:47,289 [Worker-13: Building] INFO  o.a.m.s.f.DefaultMavenResourcesFiltering - Copying 1 resource from src\main\resources to target\classes
2024-04-23 05:51:47,308 [Worker-13: Building] INFO  o.a.m.s.f.DefaultMavenResourcesFiltering - Copying 1 resource from src\main\resources to target\classes
2024-04-23 05:51:47,319 [Worker-13: Building] INFO  o.a.m.s.f.DefaultMavenResourcesFiltering - skip non existing resourceDirectory C:\Users\renat\eclipse-workspace\PP003\gerencimentotarefas\gerencimentotarefas\src\test\resources
2024-04-23 05:54:54,463 [Worker-6: Building] INFO  o.a.m.s.f.DefaultMavenResourcesFiltering - Copying 0 resource from src\main\resources to target\classes
2024-04-23 05:54:54,465 [Worker-6: Building] INFO  o.a.m.s.f.DefaultMavenResourcesFiltering - Copying 0 resource from src\main\resources to target\classes
2024-04-23 05:54:54,472 [Worker-6: Building] INFO  o.a.m.s.f.DefaultMavenResourcesFiltering - Copying 0 resource from src\test\resources to target\test-classes
2024-04-23 05:58:32,612 [Worker-24: Building] INFO  o.e.m.c.i.l.LifecycleMappingFactory - Using org.eclipse.m2e.jdt.JarLifecycleMapping lifecycle mapping for MavenProject: com.renatachom:gerenciamentotarefas:0.0.1-SNAPSHOT @ C:\Users\renat\eclipse-workspace\PP003\gerencimentotarefas\gerencimentotarefas\pom.xml.
2024-04-23 05:58:33,496 [Worker-24: Building] INFO  o.a.m.s.f.DefaultMavenResourcesFiltering - Copying 0 resource from src\main\resources to target\classes
2024-04-23 05:58:33,497 [Worker-24: Building] INFO  o.a.m.s.f.DefaultMavenResourcesFiltering - Copying 0 resource from src\main\resources to target\classes
2024-04-23 05:58:33,504 [Worker-24: Building] INFO  o.a.m.s.f.DefaultMavenResourcesFiltering - Copying 0 resource from src\test\resources to target\test-classes
2024-04-23 05:58:34,825 [Worker-6: Building] INFO  o.a.m.s.f.DefaultMavenResourcesFiltering - Copying 1 resource from src\main\resources to target\classes
2024-04-23 05:58:34,849 [Worker-6: Building] INFO  o.a.m.s.f.DefaultMavenResourcesFiltering - Copying 1 resource from src\main\resources to target\classes
2024-04-23 05:58:34,855 [Worker-6: Building] INFO  o.a.m.s.f.DefaultMavenResourcesFiltering - Copying 0 resource from src\test\resources to target\test-classes
2024-04-23 06:00:03,822 [Worker-13: Building] INFO  o.e.m.c.i.l.LifecycleMappingFactory - Using org.eclipse.m2e.jdt.JarLifecycleMapping lifecycle mapping for MavenProject: com.renatachom:gerenciamentotarefas:0.0.1-SNAPSHOT @ C:\Users\renat\eclipse-workspace\PP003\gerencimentotarefas\gerencimentotarefas\pom.xml.
2024-04-23 06:00:04,851 [Worker-13: Building] INFO  o.a.m.s.f.DefaultMavenResourcesFiltering - Copying 0 resource from src\main\resources to target\classes
2024-04-23 06:00:04,852 [Worker-13: Building] INFO  o.a.m.s.f.DefaultMavenResourcesFiltering - Copying 0 resource from src\main\resources to target\classes
2024-04-23 06:00:04,860 [Worker-13: Building] INFO  o.a.m.s.f.DefaultMavenResourcesFiltering - Copying 0 resource from src\test\resources to target\test-classes
2024-04-23 06:00:43,771 [Worker-25: Launching GerencimentotarefasApplication] INFO  o.a.m.s.f.DefaultMavenResourcesFiltering - Copying 1 resource from src\main\resources to target\classes
2024-04-23 06:00:43,798 [Worker-25: Launching GerencimentotarefasApplication] INFO  o.a.m.s.f.DefaultMavenResourcesFiltering - Copying 1 resource from src\main\resources to target\classes
2024-04-23 06:00:43,804 [Worker-25: Launching GerencimentotarefasApplication] INFO  o.a.m.s.f.DefaultMavenResourcesFiltering - Copying 0 resource from src\test\resources to target\test-classes
2024-04-23 06:01:02,240 [Worker-25: Building] INFO  o.a.m.s.f.DefaultMavenResourcesFiltering - Copying 1 resource from src\main\resources to target\classes
2024-04-23 06:01:02,257 [Worker-25: Building] INFO  o.a.m.s.f.DefaultMavenResourcesFiltering - Copying 1 resource from src\main\resources to target\classes
2024-04-23 06:01:02,264 [Worker-25: Building] INFO  o.a.m.s.f.DefaultMavenResourcesFiltering - Copying 0 resource from src\test\resources to target\test-classes
2024-04-23 06:01:21,435 [Worker-13: Building] INFO  o.a.m.s.f.DefaultMavenResourcesFiltering - Copying 1 resource from src\main\resources to target\classes
2024-04-23 06:01:21,445 [Worker-13: Building] INFO  o.a.m.s.f.DefaultMavenResourcesFiltering - Copying 1 resource from src\main\resources to target\classes
2024-04-23 06:01:21,450 [Worker-13: Building] INFO  o.a.m.s.f.DefaultMavenResourcesFiltering - Copying 0 resource from src\test\resources to target\test-classes
2024-04-23 06:02:50,765 [Start Help Server] INFO  org.eclipse.jetty.server.Server - jetty-12.0.6; built: 2024-01-30T02:43:24.387Z; git: 78ab6e6ba163f89cdd97f2ae0283fbb5e371cfaf; jvm 17.0.10+7
2024-04-23 06:02:50,877 [Start Help Server] INFO  o.e.j.server.handler.ContextHandler - Started oeje8n.ContextHandler$CoreContextHandler@25cecd43{/help,/help,b=null,a=AVAILABLE,h=oeje8n.ContextHandler$CoreContextHandler$CoreToNestedHandler@3830aab9{STARTED}}
2024-04-23 06:02:50,877 [Start Help Server] INFO  o.e.j.s.DefaultSessionIdManager - Session workerName=node0
2024-04-23 06:02:50,909 [Start Help Server] INFO  o.e.jetty.server.AbstractConnector - Started ServerConnector@76529590{HTTP/1.1, (http/1.1)}{127.0.0.1:58132}
2024-04-23 06:02:50,909 [Start Help Server] INFO  org.eclipse.jetty.server.Server - Started oejs.Server@239f571{STARTING}[12.0.6,sto=0] @1083893ms
2024-04-23 06:06:13,606 [Worker-6: Building] INFO  o.a.m.s.f.DefaultMavenResourcesFiltering - Copying 1 resource from src\main\resources to target\classes
2024-04-23 06:06:13,622 [Worker-6: Building] INFO  o.a.m.s.f.DefaultMavenResourcesFiltering - Copying 1 resource from src\main\resources to target\classes
2024-04-23 06:06:13,622 [Worker-6: Building] INFO  o.a.m.s.f.DefaultMavenResourcesFiltering - Copying 0 resource from src\test\resources to target\test-classes
2024-04-23 06:06:52,214 [Worker-13: Building] INFO  o.a.m.s.f.DefaultMavenResourcesFiltering - Copying 1 resource from src\main\resources to target\classes
2024-04-23 06:06:52,245 [Worker-13: Building] INFO  o.a.m.s.f.DefaultMavenResourcesFiltering - Copying 1 resource from src\main\resources to target\classes
2024-04-23 06:06:52,249 [Worker-13: Building] INFO  o.a.m.s.f.DefaultMavenResourcesFiltering - Copying 0 resource from src\test\resources to target\test-classes
2024-04-23 06:07:02,938 [Worker-24: Building] INFO  o.a.m.s.f.DefaultMavenResourcesFiltering - Copying 1 resource from src\main\resources to target\classes
2024-04-23 06:07:03,035 [Worker-24: Building] INFO  o.a.m.s.f.DefaultMavenResourcesFiltering - Copying 1 resource from src\main\resources to target\classes
2024-04-23 06:07:03,040 [Worker-24: Building] INFO  o.a.m.s.f.DefaultMavenResourcesFiltering - Copying 0 resource from src\test\resources to target\test-classes
2024-04-23 06:17:09,192 [Worker-28: Building] INFO  o.a.m.s.f.DefaultMavenResourcesFiltering - Copying 1 resource from src\main\resources to target\classes
2024-04-23 06:17:09,306 [Worker-28: Building] INFO  o.a.m.s.f.DefaultMavenResourcesFiltering - Copying 1 resource from src\main\resources to target\classes
2024-04-23 06:17:09,306 [Worker-28: Building] INFO  o.a.m.s.f.DefaultMavenResourcesFiltering - Copying 0 resource from src\test\resources to target\test-classes
2024-04-23 06:18:03,753 [Worker-14: Building] INFO  o.e.m.c.i.l.LifecycleMappingFactory - Using org.eclipse.m2e.jdt.JarLifecycleMapping lifecycle mapping for MavenProject: com.renatachom:gerenciamentotarefas:0.0.1-SNAPSHOT @ C:\Users\renat\eclipse-workspace\PP003\gerencimentotarefas\gerencimentotarefas\pom.xml.
2024-04-23 06:18:06,154 [Worker-14: Building] INFO  o.e.m.c.i.e.AbstractTransferListenerAdapter - Downloading https://repo.maven.apache.org/maven2/org/springframework/boot/spring-boot-starter-validation/3.2.3/spring-boot-starter-validation-3.2.3.pom
2024-04-23 06:18:06,167 [Worker-14: Building] INFO  o.e.m.c.i.e.AbstractTransferListenerAdapter - Downloaded https://repo.maven.apache.org/maven2/org/springframework/boot/spring-boot-starter-validation/3.2.3/spring-boot-starter-validation-3.2.3.pom
2024-04-23 06:18:06,452 [Worker-14: Building] INFO  o.e.m.c.i.e.AbstractTransferListenerAdapter - Downloading https://repo.maven.apache.org/maven2/org/springframework/boot/spring-boot-starter-validation/3.2.3/spring-boot-starter-validation-3.2.3.jar
2024-04-23 06:18:06,463 [Worker-14: Building] INFO  o.e.m.c.i.e.AbstractTransferListenerAdapter - Downloaded https://repo.maven.apache.org/maven2/org/springframework/boot/spring-boot-starter-validation/3.2.3/spring-boot-starter-validation-3.2.3.jar
2024-04-23 06:18:07,088 [Worker-14: Building] INFO  o.a.m.s.f.DefaultMavenResourcesFiltering - Copying 0 resource from src\main\resources to target\classes
2024-04-23 06:18:07,089 [Worker-14: Building] INFO  o.a.m.s.f.DefaultMavenResourcesFiltering - Copying 0 resource from src\main\resources to target\classes
2024-04-23 06:18:07,095 [Worker-14: Building] INFO  o.a.m.s.f.DefaultMavenResourcesFiltering - Copying 0 resource from src\test\resources to target\test-classes
2024-04-23 06:18:08,416 [Worker-29: Building] INFO  o.a.m.s.f.DefaultMavenResourcesFiltering - Copying 1 resource from src\main\resources to target\classes
2024-04-23 06:18:08,470 [Worker-29: Building] INFO  o.a.m.s.f.DefaultMavenResourcesFiltering - Copying 1 resource from src\main\resources to target\classes
2024-04-23 06:18:08,478 [Worker-29: Building] INFO  o.a.m.s.f.DefaultMavenResourcesFiltering - Copying 0 resource from src\test\resources to target\test-classes
2024-04-23 06:18:09,433 [Worker-13: Download sources and javadoc] INFO  o.e.m.c.i.e.AbstractTransferListenerAdapter - Downloading https://repo.maven.apache.org/maven2/org/springframework/boot/spring-boot-starter-validation/3.2.3/spring-boot-starter-validation-3.2.3-sources.jar
2024-04-23 06:18:09,439 [Worker-13: Download sources and javadoc] INFO  o.e.m.c.i.e.AbstractTransferListenerAdapter - Downloaded https://repo.maven.apache.org/maven2/org/springframework/boot/spring-boot-starter-validation/3.2.3/spring-boot-starter-validation-3.2.3-sources.jar
2024-04-23 06:18:09,442 [Worker-13: Download sources and javadoc] INFO  o.e.m.j.internal.DownloadSourcesJob - Downloaded sources for org.springframework.boot:spring-boot-starter-validation:3.2.3
2024-04-23 06:18:58,071 [Worker-29: Building] INFO  o.e.m.c.i.l.LifecycleMappingFactory - Using org.eclipse.m2e.jdt.JarLifecycleMapping lifecycle mapping for MavenProject: com.renatachom:gerenciamentotarefas:0.0.1-SNAPSHOT @ C:\Users\renat\eclipse-workspace\PP003\gerencimentotarefas\gerencimentotarefas\pom.xml.
2024-04-23 06:18:58,918 [Worker-29: Building] INFO  o.a.m.s.f.DefaultMavenResourcesFiltering - Copying 0 resource from src\main\resources to target\classes
2024-04-23 06:18:58,919 [Worker-29: Building] INFO  o.a.m.s.f.DefaultMavenResourcesFiltering - Copying 0 resource from src\main\resources to target\classes
2024-04-23 06:18:58,925 [Worker-29: Building] INFO  o.a.m.s.f.DefaultMavenResourcesFiltering - Copying 0 resource from src\test\resources to target\test-classes
2024-04-23 06:19:00,222 [Worker-24: Building] INFO  o.a.m.s.f.DefaultMavenResourcesFiltering - Copying 1 resource from src\main\resources to target\classes
2024-04-23 06:19:00,255 [Worker-24: Building] INFO  o.a.m.s.f.DefaultMavenResourcesFiltering - Copying 1 resource from src\main\resources to target\classes
2024-04-23 06:19:00,261 [Worker-24: Building] INFO  o.a.m.s.f.DefaultMavenResourcesFiltering - Copying 0 resource from src\test\resources to target\test-classes
2024-04-23 06:20:51,637 [Worker-29: Building] INFO  o.a.m.s.f.DefaultMavenResourcesFiltering - Copying 1 resource from src\main\resources to target\classes
2024-04-23 06:20:51,646 [Worker-29: Building] INFO  o.a.m.s.f.DefaultMavenResourcesFiltering - Copying 1 resource from src\main\resources to target\classes
2024-04-23 06:20:51,650 [Worker-29: Building] INFO  o.a.m.s.f.DefaultMavenResourcesFiltering - Copying 0 resource from src\test\resources to target\test-classes
2024-04-23 06:29:49,604 [Worker-32: Building] INFO  o.e.m.c.i.l.LifecycleMappingFactory - Using org.eclipse.m2e.jdt.JarLifecycleMapping lifecycle mapping for MavenProject: com.renatachom:gerenciamentotarefas:0.0.1-SNAPSHOT @ C:\Users\renat\eclipse-workspace\PP003\gerencimentotarefas\gerencimentotarefas\pom.xml.
2024-04-23 06:29:51,014 [Worker-32: Building] INFO  o.a.m.s.f.DefaultMavenResourcesFiltering - Copying 0 resource from src\main\resources to target\classes
2024-04-23 06:29:51,015 [Worker-32: Building] INFO  o.a.m.s.f.DefaultMavenResourcesFiltering - Copying 0 resource from src\main\resources to target\classes
2024-04-23 06:29:51,022 [Worker-32: Building] INFO  o.a.m.s.f.DefaultMavenResourcesFiltering - Copying 0 resource from src\test\resources to target\test-classes
2024-04-23 06:29:52,312 [Worker-33: Building] INFO  o.a.m.s.f.DefaultMavenResourcesFiltering - Copying 1 resource from src\main\resources to target\classes
2024-04-23 06:29:52,323 [Worker-33: Building] INFO  o.a.m.s.f.DefaultMavenResourcesFiltering - Copying 1 resource from src\main\resources to target\classes
2024-04-23 06:29:52,327 [Worker-33: Building] INFO  o.a.m.s.f.DefaultMavenResourcesFiltering - Copying 0 resource from src\test\resources to target\test-classes
2024-04-23 06:30:19,532 [Worker-33: Building] INFO  o.e.m.c.i.l.LifecycleMappingFactory - Using org.eclipse.m2e.jdt.JarLifecycleMapping lifecycle mapping for MavenProject: com.renatachom:gerenciamentotarefas:0.0.1-SNAPSHOT @ C:\Users\renat\eclipse-workspace\PP003\gerencimentotarefas\gerencimentotarefas\pom.xml.
2024-04-23 06:30:20,436 [Worker-33: Building] INFO  o.a.m.s.f.DefaultMavenResourcesFiltering - Copying 0 resource from src\main\resources to target\classes
2024-04-23 06:30:20,437 [Worker-33: Building] INFO  o.a.m.s.f.DefaultMavenResourcesFiltering - Copying 0 resource from src\main\resources to target\classes
2024-04-23 06:30:20,442 [Worker-33: Building] INFO  o.a.m.s.f.DefaultMavenResourcesFiltering - Copying 0 resource from src\test\resources to target\test-classes
2024-04-23 06:30:40,280 [Worker-31: Building] INFO  o.a.m.s.f.DefaultMavenResourcesFiltering - Copying 0 resource from src\main\resources to target\classes
2024-04-23 06:30:40,284 [Worker-31: Building] INFO  o.a.m.s.f.DefaultMavenResourcesFiltering - Copying 1 resource from src\main\resources to target\classes
2024-04-23 06:30:40,295 [Worker-31: Building] INFO  o.a.m.s.f.DefaultMavenResourcesFiltering - Copying 0 resource from src\test\resources to target\test-classes
2024-04-23 06:30:49,398 [Worker-32: Building] INFO  o.a.m.s.f.DefaultMavenResourcesFiltering - Copying 0 resource from src\main\resources to target\classes
2024-04-23 06:30:49,399 [Worker-32: Building] INFO  o.a.m.s.f.DefaultMavenResourcesFiltering - Copying 1 resource from src\main\resources to target\classes
2024-04-23 06:30:49,404 [Worker-32: Building] INFO  o.a.m.s.f.DefaultMavenResourcesFiltering - Copying 0 resource from src\test\resources to target\test-classes
2024-04-23 06:31:39,505 [Worker-33: Building] INFO  o.a.m.s.f.DefaultMavenResourcesFiltering - Copying 1 resource from src\main\resources to target\classes
2024-04-23 06:31:39,569 [Worker-33: Building] INFO  o.a.m.s.f.DefaultMavenResourcesFiltering - Copying 2 resources from src\main\resources to target\classes
2024-04-23 06:31:39,569 [Worker-33: Building] INFO  o.a.m.s.f.DefaultMavenResourcesFiltering - Copying 0 resource from src\test\resources to target\test-classes
2024-04-23 06:31:54,628 [Worker-32: Building] INFO  o.a.m.s.f.DefaultMavenResourcesFiltering - Copying 1 resource from src\main\resources to target\classes
2024-04-23 06:31:54,642 [Worker-32: Building] INFO  o.a.m.s.f.DefaultMavenResourcesFiltering - Copying 2 resources from src\main\resources to target\classes
2024-04-23 06:31:54,649 [Worker-32: Building] INFO  o.a.m.s.f.DefaultMavenResourcesFiltering - Copying 0 resource from src\test\resources to target\test-classes
2024-04-23 06:32:08,116 [Worker-32: Building] INFO  o.a.m.s.f.DefaultMavenResourcesFiltering - Copying 1 resource from src\main\resources to target\classes
2024-04-23 06:32:08,124 [Worker-32: Building] INFO  o.a.m.s.f.DefaultMavenResourcesFiltering - Copying 2 resources from src\main\resources to target\classes
2024-04-23 06:32:08,127 [Worker-32: Building] INFO  o.a.m.s.f.DefaultMavenResourcesFiltering - Copying 0 resource from src\test\resources to target\test-classes
2024-04-23 06:32:47,493 [Worker-32: Building] INFO  o.a.m.s.f.DefaultMavenResourcesFiltering - Copying 0 resource from src\main\resources to target\classes
2024-04-23 06:32:47,494 [Worker-32: Building] INFO  o.a.m.s.f.DefaultMavenResourcesFiltering - Copying 1 resource from src\main\resources to target\classes
2024-04-23 06:32:47,494 [Worker-32: Building] INFO  o.a.m.s.f.DefaultMavenResourcesFiltering - Copying 0 resource from src\test\resources to target\test-classes
2024-04-23 06:35:01,117 [Stop Help Server] INFO  org.eclipse.jetty.server.Server - Stopped oejs.Server@239f571{STOPPING}[12.0.6,sto=0]
2024-04-23 06:35:01,124 [Stop Help Server] INFO  o.e.jetty.server.AbstractConnector - Stopped ServerConnector@76529590{HTTP/1.1, (http/1.1)}{127.0.0.1:0}
2024-04-23 06:35:23,406 [Worker-2: Loading available Gradle versions] INFO  o.e.b.c.i.u.g.PublishedGradleVersions - Gradle version information cache is up-to-date. Trying to read.
2024-04-23 06:39:21,264 [Worker-14: Building] INFO  o.e.m.c.i.l.LifecycleMappingFactory - Using org.eclipse.m2e.jdt.JarLifecycleMapping lifecycle mapping for MavenProject: com.renatachom:gerenciamentotarefas:0.0.1-SNAPSHOT @ C:\Users\renat\eclipse-workspace\PP003\gerencimentotarefas\gerencimentotarefas\pom.xml.
2024-04-23 06:39:22,591 [Worker-14: Building] INFO  o.a.m.s.f.DefaultMavenResourcesFiltering - Copying 1 resource from src\main\resources to target\classes
2024-04-23 06:39:22,636 [Worker-14: Building] INFO  o.a.m.s.f.DefaultMavenResourcesFiltering - Copying 2 resources from src\main\resources to target\classes
2024-04-23 06:39:22,644 [Worker-14: Building] INFO  o.a.m.s.f.DefaultMavenResourcesFiltering - Copying 0 resource from src\test\resources to target\test-classes
2024-04-23 06:39:25,097 [Worker-19: Building] INFO  o.a.m.s.f.DefaultMavenResourcesFiltering - Copying 1 resource from src\main\resources to target\classes
2024-04-23 06:39:25,116 [Worker-19: Building] INFO  o.a.m.s.f.DefaultMavenResourcesFiltering - Copying 2 resources from src\main\resources to target\classes
2024-04-23 06:39:25,129 [Worker-19: Building] INFO  o.a.m.s.f.DefaultMavenResourcesFiltering - Copying 0 resource from src\test\resources to target\test-classes
2024-04-23 06:44:42,158 [Worker-0: Building] INFO  o.a.m.s.f.DefaultMavenResourcesFiltering - Copying 1 resource from src\main\resources to target\classes
2024-04-23 06:44:42,165 [Worker-0: Building] INFO  o.a.m.s.f.DefaultMavenResourcesFiltering - Copying 2 resources from src\main\resources to target\classes
2024-04-23 06:44:42,169 [Worker-0: Building] INFO  o.a.m.s.f.DefaultMavenResourcesFiltering - Copying 0 resource from src\test\resources to target\test-classes
2024-04-23 06:45:00,262 [Worker-10: Building] INFO  o.a.m.s.f.DefaultMavenResourcesFiltering - Copying 1 resource from src\main\resources to target\classes
2024-04-23 06:45:00,269 [Worker-10: Building] INFO  o.a.m.s.f.DefaultMavenResourcesFiltering - Copying 2 resources from src\main\resources to target\classes
2024-04-23 06:45:00,273 [Worker-10: Building] INFO  o.a.m.s.f.DefaultMavenResourcesFiltering - Copying 0 resource from src\test\resources to target\test-classes
2024-04-23 06:45:19,315 [Start Help Server] INFO  org.eclipse.jetty.server.Server - jetty-12.0.6; built: 2024-01-30T02:43:24.387Z; git: 78ab6e6ba163f89cdd97f2ae0283fbb5e371cfaf; jvm 17.0.10+7
2024-04-23 06:45:19,384 [Start Help Server] INFO  o.e.j.server.handler.ContextHandler - Started oeje8n.ContextHandler$CoreContextHandler@22f178b{/help,/help,b=null,a=AVAILABLE,h=oeje8n.ContextHandler$CoreContextHandler$CoreToNestedHandler@19bfeee9{STARTED}}
2024-04-23 06:45:19,385 [Start Help Server] INFO  o.e.j.s.DefaultSessionIdManager - Session workerName=node0
2024-04-23 06:45:19,420 [Start Help Server] INFO  o.e.jetty.server.AbstractConnector - Started ServerConnector@19e3e96{HTTP/1.1, (http/1.1)}{127.0.0.1:59077}
2024-04-23 06:45:19,426 [Start Help Server] INFO  org.eclipse.jetty.server.Server - Started oejs.Server@6ebe6733{STARTING}[12.0.6,sto=0] @616938ms
2024-04-23 06:45:22,275 [Worker-22: Building] INFO  o.a.m.s.f.DefaultMavenResourcesFiltering - Copying 1 resource from src\main\resources to target\classes
2024-04-23 06:45:22,284 [Worker-22: Building] INFO  o.a.m.s.f.DefaultMavenResourcesFiltering - Copying 2 resources from src\main\resources to target\classes
2024-04-23 06:45:22,290 [Worker-22: Building] INFO  o.a.m.s.f.DefaultMavenResourcesFiltering - Copying 0 resource from src\test\resources to target\test-classes
2024-04-23 06:49:55,010 [Worker-0: Building] INFO  o.a.m.s.f.DefaultMavenResourcesFiltering - Copying 1 resource from src\main\resources to target\classes
2024-04-23 06:49:55,043 [Worker-0: Building] INFO  o.a.m.s.f.DefaultMavenResourcesFiltering - Copying 2 resources from src\main\resources to target\classes
2024-04-23 06:49:55,050 [Worker-0: Building] INFO  o.a.m.s.f.DefaultMavenResourcesFiltering - Copying 0 resource from src\test\resources to target\test-classes
2024-04-23 06:50:13,767 [Worker-22: Building] INFO  o.a.m.s.f.DefaultMavenResourcesFiltering - Copying 1 resource from src\main\resources to target\classes
2024-04-23 06:50:13,806 [Worker-22: Building] INFO  o.a.m.s.f.DefaultMavenResourcesFiltering - Copying 2 resources from src\main\resources to target\classes
2024-04-23 06:50:13,811 [Worker-22: Building] INFO  o.a.m.s.f.DefaultMavenResourcesFiltering - Copying 0 resource from src\test\resources to target\test-classes
2024-04-23 06:51:07,791 [Worker-19: Building] INFO  o.a.m.s.f.DefaultMavenResourcesFiltering - Copying 1 resource from src\main\resources to target\classes
2024-04-23 06:51:07,797 [Worker-19: Building] INFO  o.a.m.s.f.DefaultMavenResourcesFiltering - Copying 2 resources from src\main\resources to target\classes
2024-04-23 06:51:07,802 [Worker-19: Building] INFO  o.a.m.s.f.DefaultMavenResourcesFiltering - Copying 0 resource from src\test\resources to target\test-classes
2024-04-23 06:53:24,587 [Worker-24: Building] INFO  o.a.m.s.f.DefaultMavenResourcesFiltering - Copying 0 resource from src\main\resources to target\classes
2024-04-23 06:53:24,590 [Worker-24: Building] INFO  o.a.m.s.f.DefaultMavenResourcesFiltering - Copying 0 resource from src\main\resources to target\classes
2024-04-23 06:53:24,597 [Worker-24: Building] INFO  o.a.m.s.f.DefaultMavenResourcesFiltering - Copying 0 resource from src\test\resources to target\test-classes
2024-04-23 06:54:13,708 [Worker-22: Building] INFO  o.a.m.s.f.DefaultMavenResourcesFiltering - Copying 0 resource from src\main\resources to target\classes
2024-04-23 06:54:13,708 [Worker-22: Building] INFO  o.a.m.s.f.DefaultMavenResourcesFiltering - Copying 0 resource from src\main\resources to target\classes
2024-04-23 06:54:13,710 [Worker-22: Building] INFO  o.a.m.s.f.DefaultMavenResourcesFiltering - Copying 0 resource from src\test\resources to target\test-classes
2024-04-23 06:54:33,616 [Worker-24: Launching Executing test in C__Users_renat_eclipse-workspace_PP003_gerencimentotarefas_gerencimentotarefas] INFO  o.eclipse.m2e.core.internal.Bundles - getClasspathEntries(Bundle=org.eclipse.m2e.maven.runtime_3.9.600.20231203-1234 [299])
2024-04-23 06:54:33,618 [Worker-24: Launching Executing test in C__Users_renat_eclipse-workspace_PP003_gerencimentotarefas_gerencimentotarefas] INFO  o.eclipse.m2e.core.internal.Bundles - 	Entry: C:\Users\renat\.p2\pool\plugins\org.eclipse.m2e.maven.runtime_3.9.600.20231203-1234
2024-04-23 06:54:33,618 [Worker-24: Launching Executing test in C__Users_renat_eclipse-workspace_PP003_gerencimentotarefas_gerencimentotarefas] INFO  o.eclipse.m2e.core.internal.Bundles - 	Entry: C:\Users\renat\.p2\pool\plugins\org.eclipse.m2e.maven.runtime_3.9.600.20231203-1234\jars\aopalliance-1.0.jar
2024-04-23 06:54:33,619 [Worker-24: Launching Executing test in C__Users_renat_eclipse-workspace_PP003_gerencimentotarefas_gerencimentotarefas] INFO  o.eclipse.m2e.core.internal.Bundles - 	Entry: C:\Users\renat\.p2\pool\plugins\org.eclipse.m2e.maven.runtime_3.9.600.20231203-1234\jars\guice-5.1.0.jar
2024-04-23 06:54:33,619 [Worker-24: Launching Executing test in C__Users_renat_eclipse-workspace_PP003_gerencimentotarefas_gerencimentotarefas] INFO  o.eclipse.m2e.core.internal.Bundles - 	Entry: C:\Users\renat\.p2\pool\plugins\org.eclipse.m2e.maven.runtime_3.9.600.20231203-1234\jars\httpclient-4.5.14.jar
2024-04-23 06:54:33,619 [Worker-24: Launching Executing test in C__Users_renat_eclipse-workspace_PP003_gerencimentotarefas_gerencimentotarefas] INFO  o.eclipse.m2e.core.internal.Bundles - 	Entry: C:\Users\renat\.p2\pool\plugins\org.eclipse.m2e.maven.runtime_3.9.600.20231203-1234\jars\httpcore-4.4.16.jar
2024-04-23 06:54:33,619 [Worker-24: Launching Executing test in C__Users_renat_eclipse-workspace_PP003_gerencimentotarefas_gerencimentotarefas] INFO  o.eclipse.m2e.core.internal.Bundles - 	Entry: C:\Users\renat\.p2\pool\plugins\org.eclipse.m2e.maven.runtime_3.9.600.20231203-1234\jars\jansi-2.4.0.jar
2024-04-23 06:54:33,619 [Worker-24: Launching Executing test in C__Users_renat_eclipse-workspace_PP003_gerencimentotarefas_gerencimentotarefas] INFO  o.eclipse.m2e.core.internal.Bundles - 	Entry: C:\Users\renat\.p2\pool\plugins\org.eclipse.m2e.maven.runtime_3.9.600.20231203-1234\jars\jcl-over-slf4j-1.7.36.jar
2024-04-23 06:54:33,619 [Worker-24: Launching Executing test in C__Users_renat_eclipse-workspace_PP003_gerencimentotarefas_gerencimentotarefas] INFO  o.eclipse.m2e.core.internal.Bundles - 	Entry: C:\Users\renat\.p2\pool\plugins\org.eclipse.m2e.maven.runtime_3.9.600.20231203-1234\jars\maven-artifact-3.9.6.jar
2024-04-23 06:54:33,619 [Worker-24: Launching Executing test in C__Users_renat_eclipse-workspace_PP003_gerencimentotarefas_gerencimentotarefas] INFO  o.eclipse.m2e.core.internal.Bundles - 	Entry: C:\Users\renat\.p2\pool\plugins\org.eclipse.m2e.maven.runtime_3.9.600.20231203-1234\jars\maven-builder-support-3.9.6.jar
2024-04-23 06:54:33,619 [Worker-24: Launching Executing test in C__Users_renat_eclipse-workspace_PP003_gerencimentotarefas_gerencimentotarefas] INFO  o.eclipse.m2e.core.internal.Bundles - 	Entry: C:\Users\renat\.p2\pool\plugins\org.eclipse.m2e.maven.runtime_3.9.600.20231203-1234\jars\maven-compat-3.9.6.jar
2024-04-23 06:54:33,620 [Worker-24: Launching Executing test in C__Users_renat_eclipse-workspace_PP003_gerencimentotarefas_gerencimentotarefas] INFO  o.eclipse.m2e.core.internal.Bundles - 	Entry: C:\Users\renat\.p2\pool\plugins\org.eclipse.m2e.maven.runtime_3.9.600.20231203-1234\jars\maven-core-3.9.6.jar
2024-04-23 06:54:33,620 [Worker-24: Launching Executing test in C__Users_renat_eclipse-workspace_PP003_gerencimentotarefas_gerencimentotarefas] INFO  o.eclipse.m2e.core.internal.Bundles - 	Entry: C:\Users\renat\.p2\pool\plugins\org.eclipse.m2e.maven.runtime_3.9.600.20231203-1234\jars\maven-embedder-3.9.6.jar
2024-04-23 06:54:33,621 [Worker-24: Launching Executing test in C__Users_renat_eclipse-workspace_PP003_gerencimentotarefas_gerencimentotarefas] INFO  o.eclipse.m2e.core.internal.Bundles - 	Entry: C:\Users\renat\.p2\pool\plugins\org.eclipse.m2e.maven.runtime_3.9.600.20231203-1234\jars\maven-model-3.9.6.jar
2024-04-23 06:54:33,621 [Worker-24: Launching Executing test in C__Users_renat_eclipse-workspace_PP003_gerencimentotarefas_gerencimentotarefas] INFO  o.eclipse.m2e.core.internal.Bundles - 	Entry: C:\Users\renat\.p2\pool\plugins\org.eclipse.m2e.maven.runtime_3.9.600.20231203-1234\jars\maven-model-builder-3.9.6.jar
2024-04-23 06:54:33,621 [Worker-24: Launching Executing test in C__Users_renat_eclipse-workspace_PP003_gerencimentotarefas_gerencimentotarefas] INFO  o.eclipse.m2e.core.internal.Bundles - 	Entry: C:\Users\renat\.p2\pool\plugins\org.eclipse.m2e.maven.runtime_3.9.600.20231203-1234\jars\maven-plugin-api-3.9.6.jar
2024-04-23 06:54:33,622 [Worker-24: Launching Executing test in C__Users_renat_eclipse-workspace_PP003_gerencimentotarefas_gerencimentotarefas] INFO  o.eclipse.m2e.core.internal.Bundles - 	Entry: C:\Users\renat\.p2\pool\plugins\org.eclipse.m2e.maven.runtime_3.9.600.20231203-1234\jars\maven-repository-metadata-3.9.6.jar
2024-04-23 06:54:33,622 [Worker-24: Launching Executing test in C__Users_renat_eclipse-workspace_PP003_gerencimentotarefas_gerencimentotarefas] INFO  o.eclipse.m2e.core.internal.Bundles - 	Entry: C:\Users\renat\.p2\pool\plugins\org.eclipse.m2e.maven.runtime_3.9.600.20231203-1234\jars\maven-resolver-api-1.9.18.jar
2024-04-23 06:54:33,622 [Worker-24: Launching Executing test in C__Users_renat_eclipse-workspace_PP003_gerencimentotarefas_gerencimentotarefas] INFO  o.eclipse.m2e.core.internal.Bundles - 	Entry: C:\Users\renat\.p2\pool\plugins\org.eclipse.m2e.maven.runtime_3.9.600.20231203-1234\jars\maven-resolver-connector-basic-1.9.18.jar
2024-04-23 06:54:33,623 [Worker-24: Launching Executing test in C__Users_renat_eclipse-workspace_PP003_gerencimentotarefas_gerencimentotarefas] INFO  o.eclipse.m2e.core.internal.Bundles - 	Entry: C:\Users\renat\.p2\pool\plugins\org.eclipse.m2e.maven.runtime_3.9.600.20231203-1234\jars\maven-resolver-impl-1.9.18.jar
2024-04-23 06:54:33,623 [Worker-24: Launching Executing test in C__Users_renat_eclipse-workspace_PP003_gerencimentotarefas_gerencimentotarefas] INFO  o.eclipse.m2e.core.internal.Bundles - 	Entry: C:\Users\renat\.p2\pool\plugins\org.eclipse.m2e.maven.runtime_3.9.600.20231203-1234\jars\maven-resolver-named-locks-1.9.18.jar
2024-04-23 06:54:33,623 [Worker-24: Launching Executing test in C__Users_renat_eclipse-workspace_PP003_gerencimentotarefas_gerencimentotarefas] INFO  o.eclipse.m2e.core.internal.Bundles - 	Entry: C:\Users\renat\.p2\pool\plugins\org.eclipse.m2e.maven.runtime_3.9.600.20231203-1234\jars\maven-resolver-provider-3.9.6.jar
2024-04-23 06:54:33,623 [Worker-24: Launching Executing test in C__Users_renat_eclipse-workspace_PP003_gerencimentotarefas_gerencimentotarefas] INFO  o.eclipse.m2e.core.internal.Bundles - 	Entry: C:\Users\renat\.p2\pool\plugins\org.eclipse.m2e.maven.runtime_3.9.600.20231203-1234\jars\maven-resolver-spi-1.9.18.jar
2024-04-23 06:54:33,624 [Worker-24: Launching Executing test in C__Users_renat_eclipse-workspace_PP003_gerencimentotarefas_gerencimentotarefas] INFO  o.eclipse.m2e.core.internal.Bundles - 	Entry: C:\Users\renat\.p2\pool\plugins\org.eclipse.m2e.maven.runtime_3.9.600.20231203-1234\jars\maven-resolver-transport-file-1.9.18.jar
2024-04-23 06:54:33,624 [Worker-24: Launching Executing test in C__Users_renat_eclipse-workspace_PP003_gerencimentotarefas_gerencimentotarefas] INFO  o.eclipse.m2e.core.internal.Bundles - 	Entry: C:\Users\renat\.p2\pool\plugins\org.eclipse.m2e.maven.runtime_3.9.600.20231203-1234\jars\maven-resolver-transport-http-1.9.18.jar
2024-04-23 06:54:33,624 [Worker-24: Launching Executing test in C__Users_renat_eclipse-workspace_PP003_gerencimentotarefas_gerencimentotarefas] INFO  o.eclipse.m2e.core.internal.Bundles - 	Entry: C:\Users\renat\.p2\pool\plugins\org.eclipse.m2e.maven.runtime_3.9.600.20231203-1234\jars\maven-resolver-transport-wagon-1.9.18.jar
2024-04-23 06:54:33,624 [Worker-24: Launching Executing test in C__Users_renat_eclipse-workspace_PP003_gerencimentotarefas_gerencimentotarefas] INFO  o.eclipse.m2e.core.internal.Bundles - 	Entry: C:\Users\renat\.p2\pool\plugins\org.eclipse.m2e.maven.runtime_3.9.600.20231203-1234\jars\maven-resolver-util-1.9.18.jar
2024-04-23 06:54:33,625 [Worker-24: Launching Executing test in C__Users_renat_eclipse-workspace_PP003_gerencimentotarefas_gerencimentotarefas] INFO  o.eclipse.m2e.core.internal.Bundles - 	Entry: C:\Users\renat\.p2\pool\plugins\org.eclipse.m2e.maven.runtime_3.9.600.20231203-1234\jars\maven-settings-3.9.6.jar
2024-04-23 06:54:33,625 [Worker-24: Launching Executing test in C__Users_renat_eclipse-workspace_PP003_gerencimentotarefas_gerencimentotarefas] INFO  o.eclipse.m2e.core.internal.Bundles - 	Entry: C:\Users\renat\.p2\pool\plugins\org.eclipse.m2e.maven.runtime_3.9.600.20231203-1234\jars\maven-settings-builder-3.9.6.jar
2024-04-23 06:54:33,625 [Worker-24: Launching Executing test in C__Users_renat_eclipse-workspace_PP003_gerencimentotarefas_gerencimentotarefas] INFO  o.eclipse.m2e.core.internal.Bundles - 	Entry: C:\Users\renat\.p2\pool\plugins\org.eclipse.m2e.maven.runtime_3.9.600.20231203-1234\jars\maven-shared-utils-3.3.4.jar
2024-04-23 06:54:33,625 [Worker-24: Launching Executing test in C__Users_renat_eclipse-workspace_PP003_gerencimentotarefas_gerencimentotarefas] INFO  o.eclipse.m2e.core.internal.Bundles - 	Entry: C:\Users\renat\.p2\pool\plugins\org.eclipse.m2e.maven.runtime_3.9.600.20231203-1234\jars\org.eclipse.sisu.inject-0.9.0.M2.jar
2024-04-23 06:54:33,625 [Worker-24: Launching Executing test in C__Users_renat_eclipse-workspace_PP003_gerencimentotarefas_gerencimentotarefas] INFO  o.eclipse.m2e.core.internal.Bundles - 	Entry: C:\Users\renat\.p2\pool\plugins\org.eclipse.m2e.maven.runtime_3.9.600.20231203-1234\jars\org.eclipse.sisu.plexus-0.9.0.M2.jar
2024-04-23 06:54:33,625 [Worker-24: Launching Executing test in C__Users_renat_eclipse-workspace_PP003_gerencimentotarefas_gerencimentotarefas] INFO  o.eclipse.m2e.core.internal.Bundles - 	Entry: C:\Users\renat\.p2\pool\plugins\org.eclipse.m2e.maven.runtime_3.9.600.20231203-1234\jars\plexus-build-api-0.0.7.jar
2024-04-23 06:54:33,626 [Worker-24: Launching Executing test in C__Users_renat_eclipse-workspace_PP003_gerencimentotarefas_gerencimentotarefas] INFO  o.eclipse.m2e.core.internal.Bundles - 	Entry: C:\Users\renat\.p2\pool\plugins\org.eclipse.m2e.maven.runtime_3.9.600.20231203-1234\jars\plexus-cipher-2.0.jar
2024-04-23 06:54:33,626 [Worker-24: Launching Executing test in C__Users_renat_eclipse-workspace_PP003_gerencimentotarefas_gerencimentotarefas] INFO  o.eclipse.m2e.core.internal.Bundles - 	Entry: C:\Users\renat\.p2\pool\plugins\org.eclipse.m2e.maven.runtime_3.9.600.20231203-1234\jars\plexus-classworlds-2.7.0.jar
2024-04-23 06:54:33,626 [Worker-24: Launching Executing test in C__Users_renat_eclipse-workspace_PP003_gerencimentotarefas_gerencimentotarefas] INFO  o.eclipse.m2e.core.internal.Bundles - 	Entry: C:\Users\renat\.p2\pool\plugins\org.eclipse.m2e.maven.runtime_3.9.600.20231203-1234\jars\plexus-component-annotations-2.1.0.jar
2024-04-23 06:54:33,626 [Worker-24: Launching Executing test in C__Users_renat_eclipse-workspace_PP003_gerencimentotarefas_gerencimentotarefas] INFO  o.eclipse.m2e.core.internal.Bundles - 	Entry: C:\Users\renat\.p2\pool\plugins\org.eclipse.m2e.maven.runtime_3.9.600.20231203-1234\jars\plexus-interpolation-1.26.jar
2024-04-23 06:54:33,626 [Worker-24: Launching Executing test in C__Users_renat_eclipse-workspace_PP003_gerencimentotarefas_gerencimentotarefas] INFO  o.eclipse.m2e.core.internal.Bundles - 	Entry: C:\Users\renat\.p2\pool\plugins\org.eclipse.m2e.maven.runtime_3.9.600.20231203-1234\jars\plexus-sec-dispatcher-2.0.jar
2024-04-23 06:54:33,626 [Worker-24: Launching Executing test in C__Users_renat_eclipse-workspace_PP003_gerencimentotarefas_gerencimentotarefas] INFO  o.eclipse.m2e.core.internal.Bundles - 	Entry: C:\Users\renat\.p2\pool\plugins\org.eclipse.m2e.maven.runtime_3.9.600.20231203-1234\jars\plexus-utils-3.5.1.jar
2024-04-23 06:54:33,626 [Worker-24: Launching Executing test in C__Users_renat_eclipse-workspace_PP003_gerencimentotarefas_gerencimentotarefas] INFO  o.eclipse.m2e.core.internal.Bundles - 	Entry: C:\Users\renat\.p2\pool\plugins\org.eclipse.m2e.maven.runtime_3.9.600.20231203-1234\jars\wagon-file-3.5.3.jar
2024-04-23 06:54:33,627 [Worker-24: Launching Executing test in C__Users_renat_eclipse-workspace_PP003_gerencimentotarefas_gerencimentotarefas] INFO  o.eclipse.m2e.core.internal.Bundles - 	Entry: C:\Users\renat\.p2\pool\plugins\org.eclipse.m2e.maven.runtime_3.9.600.20231203-1234\jars\wagon-http-3.5.3.jar
2024-04-23 06:54:33,627 [Worker-24: Launching Executing test in C__Users_renat_eclipse-workspace_PP003_gerencimentotarefas_gerencimentotarefas] INFO  o.eclipse.m2e.core.internal.Bundles - 	Entry: C:\Users\renat\.p2\pool\plugins\org.eclipse.m2e.maven.runtime_3.9.600.20231203-1234\jars\wagon-http-shared-3.5.3.jar
2024-04-23 06:54:33,627 [Worker-24: Launching Executing test in C__Users_renat_eclipse-workspace_PP003_gerencimentotarefas_gerencimentotarefas] INFO  o.eclipse.m2e.core.internal.Bundles - 	Entry: C:\Users\renat\.p2\pool\plugins\org.eclipse.m2e.maven.runtime_3.9.600.20231203-1234\jars\wagon-provider-api-3.5.3.jar
2024-04-23 06:54:33,630 [Worker-24: Launching Executing test in C__Users_renat_eclipse-workspace_PP003_gerencimentotarefas_gerencimentotarefas] INFO  o.eclipse.m2e.core.internal.Bundles - getClasspathEntries(Bundle=com.google.guava_33.0.0.jre [10])
2024-04-23 06:54:33,630 [Worker-24: Launching Executing test in C__Users_renat_eclipse-workspace_PP003_gerencimentotarefas_gerencimentotarefas] INFO  o.eclipse.m2e.core.internal.Bundles - 	Entry: C:\Users\renat\.p2\pool\plugins\com.google.guava_33.0.0.jre.jar
2024-04-23 06:54:33,630 [Worker-24: Launching Executing test in C__Users_renat_eclipse-workspace_PP003_gerencimentotarefas_gerencimentotarefas] INFO  o.eclipse.m2e.core.internal.Bundles - getClasspathEntries(Bundle=slf4j.api_2.0.12 [521])
2024-04-23 06:54:33,630 [Worker-24: Launching Executing test in C__Users_renat_eclipse-workspace_PP003_gerencimentotarefas_gerencimentotarefas] INFO  o.eclipse.m2e.core.internal.Bundles - 	Entry: C:\Users\renat\.p2\pool\plugins\slf4j.api_2.0.12.jar
2024-04-23 06:54:33,630 [Worker-24: Launching Executing test in C__Users_renat_eclipse-workspace_PP003_gerencimentotarefas_gerencimentotarefas] INFO  o.eclipse.m2e.core.internal.Bundles - getClasspathEntries(Bundle=jakarta.inject.jakarta.inject-api_1.0.5 [22])
2024-04-23 06:54:33,630 [Worker-24: Launching Executing test in C__Users_renat_eclipse-workspace_PP003_gerencimentotarefas_gerencimentotarefas] INFO  o.eclipse.m2e.core.internal.Bundles - 	Entry: C:\Users\renat\.p2\pool\plugins\jakarta.inject.jakarta.inject-api_1.0.5.jar
2024-04-23 06:54:33,630 [Worker-24: Launching Executing test in C__Users_renat_eclipse-workspace_PP003_gerencimentotarefas_gerencimentotarefas] INFO  o.eclipse.m2e.core.internal.Bundles - getClasspathEntries(Bundle=jakarta.annotation-api_1.3.5 [20])
2024-04-23 06:54:33,631 [Worker-24: Launching Executing test in C__Users_renat_eclipse-workspace_PP003_gerencimentotarefas_gerencimentotarefas] INFO  o.eclipse.m2e.core.internal.Bundles - 	Entry: C:\Users\renat\.p2\pool\plugins\jakarta.annotation-api_1.3.5.jar
2024-04-23 06:54:33,631 [Worker-24: Launching Executing test in C__Users_renat_eclipse-workspace_PP003_gerencimentotarefas_gerencimentotarefas] INFO  o.eclipse.m2e.core.internal.Bundles - getClasspathEntries(Bundle=org.apache.commons.cli_1.6.0 [46])
2024-04-23 06:54:33,631 [Worker-24: Launching Executing test in C__Users_renat_eclipse-workspace_PP003_gerencimentotarefas_gerencimentotarefas] INFO  o.eclipse.m2e.core.internal.Bundles - 	Entry: C:\Users\renat\.p2\pool\plugins\org.apache.commons.cli_1.6.0.jar
2024-04-23 06:54:33,631 [Worker-24: Launching Executing test in C__Users_renat_eclipse-workspace_PP003_gerencimentotarefas_gerencimentotarefas] INFO  o.eclipse.m2e.core.internal.Bundles - getClasspathEntries(Bundle=org.apache.commons.commons-codec_1.16.0 [47])
2024-04-23 06:54:33,632 [Worker-24: Launching Executing test in C__Users_renat_eclipse-workspace_PP003_gerencimentotarefas_gerencimentotarefas] INFO  o.eclipse.m2e.core.internal.Bundles - 	Entry: C:\Users\renat\.p2\pool\plugins\org.apache.commons.commons-codec_1.16.0.jar
2024-04-23 06:54:33,632 [Worker-24: Launching Executing test in C__Users_renat_eclipse-workspace_PP003_gerencimentotarefas_gerencimentotarefas] INFO  o.eclipse.m2e.core.internal.Bundles - getClasspathEntries(Bundle=org.apache.commons.lang3_3.14.0 [53])
2024-04-23 06:54:33,632 [Worker-24: Launching Executing test in C__Users_renat_eclipse-workspace_PP003_gerencimentotarefas_gerencimentotarefas] INFO  o.eclipse.m2e.core.internal.Bundles - 	Entry: C:\Users\renat\.p2\pool\plugins\org.apache.commons.lang3_3.14.0.jar
2024-04-23 06:54:33,632 [Worker-24: Launching Executing test in C__Users_renat_eclipse-workspace_PP003_gerencimentotarefas_gerencimentotarefas] INFO  o.eclipse.m2e.core.internal.Bundles - getClasspathEntries(Bundle=com.google.guava.failureaccess_1.0.2 [11])
2024-04-23 06:54:33,632 [Worker-24: Launching Executing test in C__Users_renat_eclipse-workspace_PP003_gerencimentotarefas_gerencimentotarefas] INFO  o.eclipse.m2e.core.internal.Bundles - 	Entry: C:\Users\renat\.p2\pool\plugins\com.google.guava.failureaccess_1.0.2.jar
2024-04-23 06:54:33,636 [Worker-24: Launching Executing test in C__Users_renat_eclipse-workspace_PP003_gerencimentotarefas_gerencimentotarefas] INFO  o.e.m.i.launch.MavenLaunchDelegate - Run build in "C:\Users\renat\eclipse-workspace\PP003\gerencimentotarefas\gerencimentotarefas":
2024-04-23 06:54:33,638 [Worker-24: Launching Executing test in C__Users_renat_eclipse-workspace_PP003_gerencimentotarefas_gerencimentotarefas] INFO  o.e.m.i.launch.MavenLaunchDelegate -  mvn  -B -Dstyle.color=always test
2024-04-23 07:04:45,565 [Worker-10: Building] INFO  o.a.m.s.f.DefaultMavenResourcesFiltering - Copying 1 resource from src\main\resources to target\classes
2024-04-23 07:04:45,573 [Worker-10: Building] INFO  o.a.m.s.f.DefaultMavenResourcesFiltering - Copying 2 resources from src\main\resources to target\classes
2024-04-23 07:04:45,578 [Worker-10: Building] INFO  o.a.m.s.f.DefaultMavenResourcesFiltering - Copying 0 resource from src\test\resources to target\test-classes
2024-04-23 07:06:27,872 [Worker-26: Building] INFO  o.a.m.s.f.DefaultMavenResourcesFiltering - Copying 1 resource from src\main\resources to target\classes
2024-04-23 07:06:27,883 [Worker-26: Building] INFO  o.a.m.s.f.DefaultMavenResourcesFiltering - Copying 2 resources from src\main\resources to target\classes
2024-04-23 07:06:27,889 [Worker-26: Building] INFO  o.a.m.s.f.DefaultMavenResourcesFiltering - Copying 0 resource from src\test\resources to target\test-classes
2024-04-23 07:07:45,526 [Worker-28: Building] INFO  o.a.m.s.f.DefaultMavenResourcesFiltering - Copying 1 resource from src\main\resources to target\classes
2024-04-23 07:07:45,526 [Worker-28: Building] INFO  o.a.m.s.f.DefaultMavenResourcesFiltering - Copying 2 resources from src\main\resources to target\classes
2024-04-23 07:07:45,526 [Worker-28: Building] INFO  o.a.m.s.f.DefaultMavenResourcesFiltering - Copying 0 resource from src\test\resources to target\test-classes
2024-04-23 07:08:34,831 [Worker-28: Building] INFO  o.a.m.s.f.DefaultMavenResourcesFiltering - Copying 1 resource from src\main\resources to target\classes
2024-04-23 07:08:34,840 [Worker-28: Building] INFO  o.a.m.s.f.DefaultMavenResourcesFiltering - Copying 2 resources from src\main\resources to target\classes
2024-04-23 07:08:34,849 [Worker-28: Building] INFO  o.a.m.s.f.DefaultMavenResourcesFiltering - Copying 0 resource from src\test\resources to target\test-classes
2024-04-23 07:09:13,733 [Worker-26: Building] INFO  o.a.m.s.f.DefaultMavenResourcesFiltering - Copying 1 resource from src\main\resources to target\classes
2024-04-23 07:09:13,733 [Worker-26: Building] INFO  o.a.m.s.f.DefaultMavenResourcesFiltering - Copying 2 resources from src\main\resources to target\classes
2024-04-23 07:09:13,733 [Worker-26: Building] INFO  o.a.m.s.f.DefaultMavenResourcesFiltering - Copying 0 resource from src\test\resources to target\test-classes
2024-04-23 07:10:29,257 [Worker-22: Building] INFO  o.e.m.c.i.l.LifecycleMappingFactory - Using org.eclipse.m2e.jdt.JarLifecycleMapping lifecycle mapping for MavenProject: com.renatachom:gerenciamentotarefas:0.0.1-SNAPSHOT @ C:\Users\renat\eclipse-workspace\PP003\gerencimentotarefas\gerencimentotarefas\pom.xml.
2024-04-23 07:10:30,322 [Worker-22: Building] INFO  o.a.m.s.f.DefaultMavenResourcesFiltering - Copying 0 resource from src\main\resources to target\classes
2024-04-23 07:10:30,323 [Worker-22: Building] INFO  o.a.m.s.f.DefaultMavenResourcesFiltering - Copying 0 resource from src\main\resources to target\classes
2024-04-23 07:10:30,328 [Worker-22: Building] INFO  o.a.m.s.f.DefaultMavenResourcesFiltering - Copying 0 resource from src\test\resources to target\test-classes
2024-04-23 07:10:58,394 [Worker-10: Building] INFO  o.a.m.s.f.DefaultMavenResourcesFiltering - Copying 1 resource from src\main\resources to target\classes
2024-04-23 07:10:58,406 [Worker-10: Building] INFO  o.a.m.s.f.DefaultMavenResourcesFiltering - Copying 2 resources from src\main\resources to target\classes
2024-04-23 07:10:58,410 [Worker-10: Building] INFO  o.a.m.s.f.DefaultMavenResourcesFiltering - Copying 0 resource from src\test\resources to target\test-classes
2024-04-23 07:12:20,239 [Worker-29: Building] INFO  o.a.m.s.f.DefaultMavenResourcesFiltering - Copying 1 resource from src\main\resources to target\classes
2024-04-23 07:12:20,286 [Worker-29: Building] INFO  o.a.m.s.f.DefaultMavenResourcesFiltering - Copying 2 resources from src\main\resources to target\classes
2024-04-23 07:12:20,286 [Worker-29: Building] INFO  o.a.m.s.f.DefaultMavenResourcesFiltering - Copying 0 resource from src\test\resources to target\test-classes
2024-04-23 07:12:34,529 [Worker-10: Building] INFO  o.a.m.s.f.DefaultMavenResourcesFiltering - Copying 1 resource from src\main\resources to target\classes
2024-04-23 07:12:34,535 [Worker-10: Building] INFO  o.a.m.s.f.DefaultMavenResourcesFiltering - Copying 2 resources from src\main\resources to target\classes
2024-04-23 07:12:34,541 [Worker-10: Building] INFO  o.a.m.s.f.DefaultMavenResourcesFiltering - Copying 0 resource from src\test\resources to target\test-classes
2024-04-23 07:13:37,644 [Worker-27: Building] INFO  o.a.m.s.f.DefaultMavenResourcesFiltering - Copying 1 resource from src\main\resources to target\classes
2024-04-23 07:13:37,650 [Worker-27: Building] INFO  o.a.m.s.f.DefaultMavenResourcesFiltering - Copying 2 resources from src\main\resources to target\classes
2024-04-23 07:13:37,654 [Worker-27: Building] INFO  o.a.m.s.f.DefaultMavenResourcesFiltering - Copying 0 resource from src\test\resources to target\test-classes
2024-04-23 07:13:56,112 [Worker-22: Building] INFO  o.a.m.s.f.DefaultMavenResourcesFiltering - Copying 1 resource from src\main\resources to target\classes
2024-04-23 07:13:56,162 [Worker-22: Building] INFO  o.a.m.s.f.DefaultMavenResourcesFiltering - Copying 2 resources from src\main\resources to target\classes
2024-04-23 07:13:56,166 [Worker-22: Building] INFO  o.a.m.s.f.DefaultMavenResourcesFiltering - Copying 0 resource from src\test\resources to target\test-classes
2024-04-23 07:16:12,613 [Worker-19: Building] INFO  o.a.m.s.f.DefaultMavenResourcesFiltering - Copying 1 resource from src\main\resources to target\classes
2024-04-23 07:16:12,613 [Worker-19: Building] INFO  o.a.m.s.f.DefaultMavenResourcesFiltering - Copying 2 resources from src\main\resources to target\classes
2024-04-23 07:16:12,613 [Worker-19: Building] INFO  o.a.m.s.f.DefaultMavenResourcesFiltering - Copying 0 resource from src\test\resources to target\test-classes
2024-04-23 07:17:40,532 [Worker-19: Updating Maven Project] INFO  o.e.m.c.i.p.ProjectConfigurationManager - Update started
2024-04-23 07:17:40,785 [Worker-19: Updating Maven Project] INFO  o.e.m.c.i.l.LifecycleMappingFactory - Using org.eclipse.m2e.jdt.JarLifecycleMapping lifecycle mapping for MavenProject: com.renatachom:gerenciamentotarefas:0.0.1-SNAPSHOT @ C:\Users\renat\eclipse-workspace\PP003\gerencimentotarefas\gerencimentotarefas\pom.xml.
2024-04-23 07:17:41,649 [Worker-19: Updating Maven Project] INFO  o.e.m.j.i.AbstractJavaProjectConfigurator - Adding source folder /gerenciamentotarefas/src/main/java
2024-04-23 07:17:41,650 [Worker-19: Updating Maven Project] INFO  o.e.m.j.i.AbstractJavaProjectConfigurator - Adding resource folder /gerenciamentotarefas/src/main/resources
2024-04-23 07:17:41,653 [Worker-19: Updating Maven Project] INFO  o.e.m.j.i.AbstractJavaProjectConfigurator - Adding resource folder /gerenciamentotarefas/src/main/resources
2024-04-23 07:17:41,654 [Worker-19: Updating Maven Project] INFO  o.e.m.j.i.AbstractJavaProjectConfigurator - Adding source folder /gerenciamentotarefas/src/test/java
2024-04-23 07:17:41,655 [Worker-19: Updating Maven Project] INFO  o.e.m.j.i.AbstractJavaProjectConfigurator - Adding resource folder /gerenciamentotarefas/src/test/resources
2024-04-23 07:17:42,035 [Worker-19: Updating Maven Project] INFO  o.e.m.c.i.p.ProjectConfigurationManager - Update completed for 1 poms: local refresh takes 0,00 sec, refresh facades takes 0,00 sec, update config takes 0,00 sec 
2024-04-23 07:17:42,482 [Worker-10: Building] INFO  o.a.m.s.f.DefaultMavenResourcesFiltering - Copying 1 resource from src\main\resources to target\classes
2024-04-23 07:17:42,501 [Worker-10: Building] INFO  o.a.m.s.f.DefaultMavenResourcesFiltering - Copying 2 resources from src\main\resources to target\classes
2024-04-23 07:17:42,509 [Worker-10: Building] INFO  o.a.m.s.f.DefaultMavenResourcesFiltering - Copying 0 resource from src\test\resources to target\test-classes
2024-04-23 07:18:27,243 [Stop Help Server] INFO  org.eclipse.jetty.server.Server - Stopped oejs.Server@6ebe6733{STOPPING}[12.0.6,sto=0]
2024-04-23 07:18:27,248 [Stop Help Server] INFO  o.e.jetty.server.AbstractConnector - Stopped ServerConnector@19e3e96{HTTP/1.1, (http/1.1)}{127.0.0.1:0}
2024-04-23 07:18:42,217 [Worker-7: Loading available Gradle versions] INFO  o.e.b.c.i.u.g.PublishedGradleVersions - Gradle version information cache is up-to-date. Trying to read.
2024-04-23 07:20:49,829 [Worker-22: Building] INFO  o.e.m.c.i.l.LifecycleMappingFactory - Using org.eclipse.m2e.jdt.JarLifecycleMapping lifecycle mapping for MavenProject: com.renatachom:gerenciamentotarefas:0.0.1-SNAPSHOT @ C:\Users\renat\eclipse-workspace\PP003\gerencimentotarefas\gerencimentotarefas\pom.xml.
2024-04-23 07:20:51,172 [Worker-22: Building] INFO  o.a.m.s.f.DefaultMavenResourcesFiltering - Copying 1 resource from src\main\resources to target\classes
2024-04-23 07:20:51,197 [Worker-22: Building] INFO  o.a.m.s.f.DefaultMavenResourcesFiltering - Copying 2 resources from src\main\resources to target\classes
2024-04-23 07:20:51,203 [Worker-22: Building] INFO  o.a.m.s.f.DefaultMavenResourcesFiltering - Copying 0 resource from src\test\resources to target\test-classes
2024-04-23 07:21:12,662 [Worker-13: Building] INFO  o.a.m.s.f.DefaultMavenResourcesFiltering - Copying 1 resource from src\main\resources to target\classes
2024-04-23 07:21:12,703 [Worker-13: Building] INFO  o.a.m.s.f.DefaultMavenResourcesFiltering - Copying 2 resources from src\main\resources to target\classes
2024-04-23 07:21:12,713 [Worker-13: Building] INFO  o.a.m.s.f.DefaultMavenResourcesFiltering - Copying 0 resource from src\test\resources to target\test-classes
2024-04-23 07:21:33,504 [Worker-3: Building] INFO  o.a.m.s.f.DefaultMavenResourcesFiltering - Copying 1 resource from src\main\resources to target\classes
2024-04-23 07:21:33,551 [Worker-3: Building] INFO  o.a.m.s.f.DefaultMavenResourcesFiltering - Copying 2 resources from src\main\resources to target\classes
2024-04-23 07:21:33,561 [Worker-3: Building] INFO  o.a.m.s.f.DefaultMavenResourcesFiltering - Copying 0 resource from src\test\resources to target\test-classes
2024-04-23 07:22:52,611 [Worker-13: Building] INFO  o.a.m.s.f.DefaultMavenResourcesFiltering - Copying 0 resource from src\main\resources to target\classes
2024-04-23 07:22:52,613 [Worker-13: Building] INFO  o.a.m.s.f.DefaultMavenResourcesFiltering - Copying 0 resource from src\main\resources to target\classes
2024-04-23 07:22:52,622 [Worker-13: Building] INFO  o.a.m.s.f.DefaultMavenResourcesFiltering - Copying 0 resource from src\test\resources to target\test-classes
2024-04-23 07:23:01,784 [Worker-22: Building] INFO  o.a.m.s.f.DefaultMavenResourcesFiltering - Copying 1 resource from src\main\resources to target\classes
2024-04-23 07:23:01,902 [Worker-22: Building] INFO  o.a.m.s.f.DefaultMavenResourcesFiltering - Copying 2 resources from src\main\resources to target\classes
2024-04-23 07:23:01,910 [Worker-22: Building] INFO  o.a.m.s.f.DefaultMavenResourcesFiltering - Copying 0 resource from src\test\resources to target\test-classes
2024-04-23 07:23:06,008 [Worker-3: Building] INFO  o.a.m.s.f.DefaultMavenResourcesFiltering - Copying 1 resource from src\main\resources to target\classes
2024-04-23 07:23:06,016 [Worker-3: Building] INFO  o.a.m.s.f.DefaultMavenResourcesFiltering - Copying 2 resources from src\main\resources to target\classes
2024-04-23 07:23:06,025 [Worker-3: Building] INFO  o.a.m.s.f.DefaultMavenResourcesFiltering - Copying 0 resource from src\test\resources to target\test-classes
2024-04-23 07:23:12,554 [Worker-15: Building] INFO  o.a.m.s.f.DefaultMavenResourcesFiltering - Copying 1 resource from src\main\resources to target\classes
2024-04-23 07:23:12,562 [Worker-15: Building] INFO  o.a.m.s.f.DefaultMavenResourcesFiltering - Copying 2 resources from src\main\resources to target\classes
2024-04-23 07:23:12,568 [Worker-15: Building] INFO  o.a.m.s.f.DefaultMavenResourcesFiltering - Copying 0 resource from src\test\resources to target\test-classes
2024-04-23 07:23:26,620 [Worker-5: Building] INFO  o.a.m.s.f.DefaultMavenResourcesFiltering - Copying 0 resource from src\main\resources to target\classes
2024-04-23 07:23:26,621 [Worker-5: Building] INFO  o.a.m.s.f.DefaultMavenResourcesFiltering - Copying 0 resource from src\main\resources to target\classes
2024-04-23 07:23:26,631 [Worker-5: Building] INFO  o.a.m.s.f.DefaultMavenResourcesFiltering - Copying 0 resource from src\test\resources to target\test-classes
2024-04-23 07:30:09,309 [Worker-2: Loading available Gradle versions] INFO  o.e.b.c.i.u.g.PublishedGradleVersions - Gradle version information cache is up-to-date. Trying to read.
2024-04-23 07:30:43,016 [Worker-24: Building] INFO  o.e.m.c.i.l.LifecycleMappingFactory - Using org.eclipse.m2e.jdt.JarLifecycleMapping lifecycle mapping for MavenProject: com.renatachom:gerenciamentotarefas:0.0.1-SNAPSHOT @ C:\Users\renat\eclipse-workspace\PP003\gerencimentotarefas\gerencimentotarefas\pom.xml.
2024-04-23 07:30:44,313 [Worker-24: Building] INFO  o.a.m.s.f.DefaultMavenResourcesFiltering - Copying 1 resource from src\main\resources to target\classes
2024-04-23 07:30:44,332 [Worker-24: Building] INFO  o.a.m.s.f.DefaultMavenResourcesFiltering - Copying 2 resources from src\main\resources to target\classes
2024-04-23 07:30:44,339 [Worker-24: Building] INFO  o.a.m.s.f.DefaultMavenResourcesFiltering - Copying 0 resource from src\test\resources to target\test-classes
2024-04-23 07:30:46,510 [Worker-17: Building] INFO  o.a.m.s.f.DefaultMavenResourcesFiltering - Copying 1 resource from src\main\resources to target\classes
2024-04-23 07:30:46,531 [Worker-17: Building] INFO  o.a.m.s.f.DefaultMavenResourcesFiltering - Copying 2 resources from src\main\resources to target\classes
2024-04-23 07:30:46,541 [Worker-17: Building] INFO  o.a.m.s.f.DefaultMavenResourcesFiltering - Copying 0 resource from src\test\resources to target\test-classes
2024-04-23 07:32:21,968 [Worker-23: Building] INFO  o.a.m.s.f.DefaultMavenResourcesFiltering - Copying 0 resource from src\main\resources to target\classes
2024-04-23 07:32:21,968 [Worker-23: Building] INFO  o.a.m.s.f.DefaultMavenResourcesFiltering - Copying 0 resource from src\main\resources to target\classes
2024-04-23 07:32:21,989 [Worker-23: Building] INFO  o.a.m.s.f.DefaultMavenResourcesFiltering - Copying 0 resource from src\test\resources to target\test-classes
2024-04-23 07:32:59,929 [Worker-2: Building] INFO  o.a.m.s.f.DefaultMavenResourcesFiltering - Copying 0 resource from src\main\resources to target\classes
2024-04-23 07:32:59,929 [Worker-2: Building] INFO  o.a.m.s.f.DefaultMavenResourcesFiltering - Copying 0 resource from src\main\resources to target\classes
2024-04-23 07:32:59,929 [Worker-2: Building] INFO  o.a.m.s.f.DefaultMavenResourcesFiltering - Copying 0 resource from src\test\resources to target\test-classes
2024-04-23 07:39:24,902 [Worker-26: Building] INFO  o.a.m.s.f.DefaultMavenResourcesFiltering - Copying 0 resource from src\main\resources to target\classes
2024-04-23 07:39:24,903 [Worker-26: Building] INFO  o.a.m.s.f.DefaultMavenResourcesFiltering - Copying 0 resource from src\main\resources to target\classes
2024-04-23 07:39:24,907 [Worker-26: Building] INFO  o.a.m.s.f.DefaultMavenResourcesFiltering - Copying 0 resource from src\test\resources to target\test-classes
